2026-07-07 10:09:40,084 INFO    alembic.runtime.plugins: setup plugin alembic.autogenerate.schemas
2026-07-07 10:09:40,084 INFO    alembic.runtime.plugins: setup plugin alembic.autogenerate.tables
2026-07-07 10:09:40,085 INFO    alembic.runtime.plugins: setup plugin alembic.autogenerate.types
2026-07-07 10:09:40,085 INFO    alembic.runtime.plugins: setup plugin alembic.autogenerate.constraints
2026-07-07 10:09:40,085 INFO    alembic.runtime.plugins: setup plugin alembic.autogenerate.defaults
2026-07-07 10:09:40,085 INFO    alembic.runtime.plugins: setup plugin alembic.autogenerate.comments
2026-07-07 10:13:19,773 INFO    alembic.runtime.plugins: setup plugin alembic.autogenerate.schemas
2026-07-07 10:13:19,774 INFO    alembic.runtime.plugins: setup plugin alembic.autogenerate.tables
2026-07-07 10:13:19,774 INFO    alembic.runtime.plugins: setup plugin alembic.autogenerate.types
2026-07-07 10:13:19,774 INFO    alembic.runtime.plugins: setup plugin alembic.autogenerate.constraints
2026-07-07 10:13:19,774 INFO    alembic.runtime.plugins: setup plugin alembic.autogenerate.defaults
2026-07-07 10:13:19,774 INFO    alembic.runtime.plugins: setup plugin alembic.autogenerate.comments
2026-07-07 10:14:49,537 INFO    alembic.runtime.plugins: setup plugin alembic.autogenerate.schemas
2026-07-07 10:14:49,537 INFO    alembic.runtime.plugins: setup plugin alembic.autogenerate.tables
2026-07-07 10:14:49,538 INFO    alembic.runtime.plugins: setup plugin alembic.autogenerate.types
2026-07-07 10:14:49,538 INFO    alembic.runtime.plugins: setup plugin alembic.autogenerate.constraints
2026-07-07 10:14:49,538 INFO    alembic.runtime.plugins: setup plugin alembic.autogenerate.defaults
2026-07-07 10:14:49,538 INFO    alembic.runtime.plugins: setup plugin alembic.autogenerate.comments
2026-07-07 10:23:02,749 INFO    alembic.runtime.plugins: setup plugin alembic.autogenerate.schemas
2026-07-07 10:23:02,749 INFO    alembic.runtime.plugins: setup plugin alembic.autogenerate.tables
2026-07-07 10:23:02,749 INFO    alembic.runtime.plugins: setup plugin alembic.autogenerate.types
2026-07-07 10:23:02,749 INFO    alembic.runtime.plugins: setup plugin alembic.autogenerate.constraints
2026-07-07 10:23:02,749 INFO    alembic.runtime.plugins: setup plugin alembic.autogenerate.defaults
2026-07-07 10:23:02,749 INFO    alembic.runtime.plugins: setup plugin alembic.autogenerate.comments
2026-07-07 10:31:48,035 INFO    alembic.runtime.plugins: setup plugin alembic.autogenerate.schemas
2026-07-07 10:31:48,036 INFO    alembic.runtime.plugins: setup plugin alembic.autogenerate.tables
2026-07-07 10:31:48,036 INFO    alembic.runtime.plugins: setup plugin alembic.autogenerate.types
2026-07-07 10:31:48,036 INFO    alembic.runtime.plugins: setup plugin alembic.autogenerate.constraints
2026-07-07 10:31:48,036 INFO    alembic.runtime.plugins: setup plugin alembic.autogenerate.defaults
2026-07-07 10:31:48,036 INFO    alembic.runtime.plugins: setup plugin alembic.autogenerate.comments
2026-07-07 10:35:17,073 INFO    alembic.runtime.plugins: setup plugin alembic.autogenerate.schemas
2026-07-07 10:35:17,073 INFO    alembic.runtime.plugins: setup plugin alembic.autogenerate.tables
2026-07-07 10:35:17,073 INFO    alembic.runtime.plugins: setup plugin alembic.autogenerate.types
2026-07-07 10:35:17,073 INFO    alembic.runtime.plugins: setup plugin alembic.autogenerate.constraints
2026-07-07 10:35:17,073 INFO    alembic.runtime.plugins: setup plugin alembic.autogenerate.defaults
2026-07-07 10:35:17,073 INFO    alembic.runtime.plugins: setup plugin alembic.autogenerate.comments
2026-07-07 10:36:02,300 INFO    alembic.runtime.plugins: setup plugin alembic.autogenerate.schemas
2026-07-07 10:36:02,300 INFO    alembic.runtime.plugins: setup plugin alembic.autogenerate.tables
2026-07-07 10:36:02,300 INFO    alembic.runtime.plugins: setup plugin alembic.autogenerate.types
2026-07-07 10:36:02,300 INFO    alembic.runtime.plugins: setup plugin alembic.autogenerate.constraints
2026-07-07 10:36:02,300 INFO    alembic.runtime.plugins: setup plugin alembic.autogenerate.defaults
2026-07-07 10:36:02,300 INFO    alembic.runtime.plugins: setup plugin alembic.autogenerate.comments
2026-07-07 10:44:46,864 INFO    alembic.runtime.plugins: setup plugin alembic.autogenerate.schemas
2026-07-07 10:44:46,865 INFO    alembic.runtime.plugins: setup plugin alembic.autogenerate.tables
2026-07-07 10:44:46,865 INFO    alembic.runtime.plugins: setup plugin alembic.autogenerate.types
2026-07-07 10:44:46,865 INFO    alembic.runtime.plugins: setup plugin alembic.autogenerate.constraints
2026-07-07 10:44:46,865 INFO    alembic.runtime.plugins: setup plugin alembic.autogenerate.defaults
2026-07-07 10:44:46,865 INFO    alembic.runtime.plugins: setup plugin alembic.autogenerate.comments
2026-07-07 11:26:31,192 INFO    alembic.runtime.plugins: setup plugin alembic.autogenerate.schemas
2026-07-07 11:26:31,192 INFO    alembic.runtime.plugins: setup plugin alembic.autogenerate.tables
2026-07-07 11:26:31,192 INFO    alembic.runtime.plugins: setup plugin alembic.autogenerate.types
2026-07-07 11:26:31,192 INFO    alembic.runtime.plugins: setup plugin alembic.autogenerate.constraints
2026-07-07 11:26:31,192 INFO    alembic.runtime.plugins: setup plugin alembic.autogenerate.defaults
2026-07-07 11:26:31,192 INFO    alembic.runtime.plugins: setup plugin alembic.autogenerate.comments
2026-07-07 12:38:43,351 INFO    alembic.runtime.plugins: setup plugin alembic.autogenerate.schemas
2026-07-07 12:38:43,351 INFO    alembic.runtime.plugins: setup plugin alembic.autogenerate.tables
2026-07-07 12:38:43,351 INFO    alembic.runtime.plugins: setup plugin alembic.autogenerate.types
2026-07-07 12:38:43,351 INFO    alembic.runtime.plugins: setup plugin alembic.autogenerate.constraints
2026-07-07 12:38:43,351 INFO    alembic.runtime.plugins: setup plugin alembic.autogenerate.defaults
2026-07-07 12:38:43,351 INFO    alembic.runtime.plugins: setup plugin alembic.autogenerate.comments
2026-07-07 12:49:25,185 INFO    alembic.runtime.plugins: setup plugin alembic.autogenerate.schemas
2026-07-07 12:49:25,186 INFO    alembic.runtime.plugins: setup plugin alembic.autogenerate.tables
2026-07-07 12:49:25,186 INFO    alembic.runtime.plugins: setup plugin alembic.autogenerate.types
2026-07-07 12:49:25,186 INFO    alembic.runtime.plugins: setup plugin alembic.autogenerate.constraints
2026-07-07 12:49:25,186 INFO    alembic.runtime.plugins: setup plugin alembic.autogenerate.defaults
2026-07-07 12:49:25,186 INFO    alembic.runtime.plugins: setup plugin alembic.autogenerate.comments
2026-07-07 14:12:00,767 INFO    alembic.runtime.plugins: setup plugin alembic.autogenerate.schemas
2026-07-07 14:12:00,767 INFO    alembic.runtime.plugins: setup plugin alembic.autogenerate.tables
2026-07-07 14:12:00,768 INFO    alembic.runtime.plugins: setup plugin alembic.autogenerate.types
2026-07-07 14:12:00,768 INFO    alembic.runtime.plugins: setup plugin alembic.autogenerate.constraints
2026-07-07 14:12:00,768 INFO    alembic.runtime.plugins: setup plugin alembic.autogenerate.defaults
2026-07-07 14:12:00,768 INFO    alembic.runtime.plugins: setup plugin alembic.autogenerate.comments
2026-07-07 14:12:17,162 INFO    alembic.runtime.plugins: setup plugin alembic.autogenerate.schemas
2026-07-07 14:12:17,162 INFO    alembic.runtime.plugins: setup plugin alembic.autogenerate.tables
2026-07-07 14:12:17,163 INFO    alembic.runtime.plugins: setup plugin alembic.autogenerate.types
2026-07-07 14:12:17,163 INFO    alembic.runtime.plugins: setup plugin alembic.autogenerate.constraints
2026-07-07 14:12:17,163 INFO    alembic.runtime.plugins: setup plugin alembic.autogenerate.defaults
2026-07-07 14:12:17,163 INFO    alembic.runtime.plugins: setup plugin alembic.autogenerate.comments
2026-07-07 14:27:56,355 INFO    alembic.runtime.plugins: setup plugin alembic.autogenerate.schemas
2026-07-07 14:27:56,355 INFO    alembic.runtime.plugins: setup plugin alembic.autogenerate.tables
2026-07-07 14:27:56,355 INFO    alembic.runtime.plugins: setup plugin alembic.autogenerate.types
2026-07-07 14:27:56,355 INFO    alembic.runtime.plugins: setup plugin alembic.autogenerate.constraints
2026-07-07 14:27:56,355 INFO    alembic.runtime.plugins: setup plugin alembic.autogenerate.defaults
2026-07-07 14:27:56,355 INFO    alembic.runtime.plugins: setup plugin alembic.autogenerate.comments
2026-07-07 14:28:37,043 INFO    alembic.runtime.plugins: setup plugin alembic.autogenerate.schemas
2026-07-07 14:28:37,044 INFO    alembic.runtime.plugins: setup plugin alembic.autogenerate.tables
2026-07-07 14:28:37,044 INFO    alembic.runtime.plugins: setup plugin alembic.autogenerate.types
2026-07-07 14:28:37,044 INFO    alembic.runtime.plugins: setup plugin alembic.autogenerate.constraints
2026-07-07 14:28:37,044 INFO    alembic.runtime.plugins: setup plugin alembic.autogenerate.defaults
2026-07-07 14:28:37,044 INFO    alembic.runtime.plugins: setup plugin alembic.autogenerate.comments
